<?xml version="1.0" encoding="UTF-8"?>
<testng-results ignored="0" total="2" passed="2" failed="0" skipped="0">
  <reporter-output>
  </reporter-output>
  <suite started-at="2021-05-30T14:13:08Z" name="Default suite" finished-at="2021-05-30T14:13:26Z" duration-ms="17992">
    <groups>
    </groups>
    <test started-at="2021-05-30T14:13:08Z" name="Default test" finished-at="2021-05-30T14:13:26Z" duration-ms="17992">
      <class name="com.qa.az.testCases.SignOnPageTest">
        <test-method is-config="true" signature="setUp()[pri:0, instance:com.qa.az.testCases.SignOnPageTest@6d07a63d]" started-at="2021-05-30T14:13:08Z" name="setUp" finished-at="2021-05-30T14:13:16Z" duration-ms="7450" status="PASS">
          <reporter-output>
          </reporter-output>
        </test-method> <!-- setUp -->
        <test-method signature="validateSignOnPageTitleTest()[pri:1, instance:com.qa.az.testCases.SignOnPageTest@6d07a63d]" started-at="2021-05-30T14:13:16Z" name="validateSignOnPageTitleTest" finished-at="2021-05-30T14:13:16Z" duration-ms="12" status="PASS">
          <reporter-output>
          </reporter-output>
        </test-method> <!-- validateSignOnPageTitleTest -->
        <test-method is-config="true" signature="tearDown()[pri:0, instance:com.qa.az.testCases.SignOnPageTest@6d07a63d]" started-at="2021-05-30T14:13:16Z" name="tearDown" finished-at="2021-05-30T14:13:16Z" duration-ms="771" status="PASS">
          <reporter-output>
          </reporter-output>
        </test-method> <!-- tearDown -->
        <test-method is-config="true" signature="setUp()[pri:0, instance:com.qa.az.testCases.SignOnPageTest@6d07a63d]" started-at="2021-05-30T14:13:16Z" name="setUp" finished-at="2021-05-30T14:13:24Z" duration-ms="7322" status="PASS">
          <reporter-output>
          </reporter-output>
        </test-method> <!-- setUp -->
        <test-method signature="loginTest()[pri:2, instance:com.qa.az.testCases.SignOnPageTest@6d07a63d]" started-at="2021-05-30T14:13:24Z" name="loginTest" finished-at="2021-05-30T14:13:25Z" duration-ms="1674" status="PASS">
          <reporter-output>
          </reporter-output>
        </test-method> <!-- loginTest -->
        <test-method is-config="true" signature="tearDown()[pri:0, instance:com.qa.az.testCases.SignOnPageTest@6d07a63d]" started-at="2021-05-30T14:13:25Z" name="tearDown" finished-at="2021-05-30T14:13:26Z" duration-ms="729" status="PASS">
          <reporter-output>
          </reporter-output>
        </test-method> <!-- tearDown -->
      </class> <!-- com.qa.az.testCases.SignOnPageTest -->
    </test> <!-- Default test -->
  </suite> <!-- Default suite -->
</testng-results>
