<?xml version="1.0" encoding="UTF-8"?>
<testng-results ignored="0" total="2" passed="2" failed="0" skipped="0">
  <reporter-output>
  </reporter-output>
  <suite started-at="2021-05-30T13:26:19Z" name="Default suite" finished-at="2021-05-30T13:26:36Z" duration-ms="17101">
    <groups>
    </groups>
    <test started-at="2021-05-30T13:26:19Z" name="Default test" finished-at="2021-05-30T13:26:36Z" duration-ms="17101">
      <class name="com.qa.az.testCases.SignOnPageTest">
        <test-method is-config="true" signature="setUp()[pri:0, instance:com.qa.az.testCases.SignOnPageTest@6d07a63d]" started-at="2021-05-30T13:26:19Z" name="setUp" finished-at="2021-05-30T13:26:26Z" duration-ms="7622" status="PASS">
          <reporter-output>
          </reporter-output>
        </test-method> <!-- setUp -->
        <test-method signature="validateSignOnPageTitleTest()[pri:1, instance:com.qa.az.testCases.SignOnPageTest@6d07a63d]" started-at="2021-05-30T13:26:26Z" name="validateSignOnPageTitleTest" finished-at="2021-05-30T13:26:26Z" duration-ms="15" status="PASS">
          <reporter-output>
          </reporter-output>
        </test-method> <!-- validateSignOnPageTitleTest -->
        <test-method is-config="true" signature="tearDown()[pri:0, instance:com.qa.az.testCases.SignOnPageTest@6d07a63d]" started-at="2021-05-30T13:26:26Z" name="tearDown" finished-at="2021-05-30T13:26:27Z" duration-ms="1197" status="PASS">
          <reporter-output>
          </reporter-output>
        </test-method> <!-- tearDown -->
        <test-method is-config="true" signature="setUp()[pri:0, instance:com.qa.az.testCases.SignOnPageTest@6d07a63d]" started-at="2021-05-30T13:26:27Z" name="setUp" finished-at="2021-05-30T13:26:33Z" duration-ms="5855" status="PASS">
          <reporter-output>
          </reporter-output>
        </test-method> <!-- setUp -->
        <test-method signature="loginTest()[pri:2, instance:com.qa.az.testCases.SignOnPageTest@6d07a63d]" started-at="2021-05-30T13:26:33Z" name="loginTest" finished-at="2021-05-30T13:26:35Z" duration-ms="1629" status="PASS">
          <reporter-output>
          </reporter-output>
        </test-method> <!-- loginTest -->
        <test-method is-config="true" signature="tearDown()[pri:0, instance:com.qa.az.testCases.SignOnPageTest@6d07a63d]" started-at="2021-05-30T13:26:35Z" name="tearDown" finished-at="2021-05-30T13:26:36Z" duration-ms="749" status="PASS">
          <reporter-output>
          </reporter-output>
        </test-method> <!-- tearDown -->
      </class> <!-- com.qa.az.testCases.SignOnPageTest -->
    </test> <!-- Default test -->
  </suite> <!-- Default suite -->
</testng-results>
